

Microchip Technology PIC18 LITE Macro Assembler V1.44 build -154322312 
                                                                                               Mon Oct 23 08:09:42 2017

Microchip Technology Omniscient Code Generator v1.44 (Free mode) build 201709140600
     1                           	processor	18F4520
     2                           	fnconf	rparam,??,?,0
     3                           	opt	pw 120
     4                           	opt	lm
     5                           	psect	smallconst,global,reloc=2,class=SMALLCONST,delta=1,noexec
     6                           	psect	cinit,global,reloc=2,class=CODE,delta=1
     7                           	psect	cstackCOMRAM,global,class=COMRAM,space=1,delta=1,noexec
     8                           	psect	text0,global,reloc=2,class=CODE,delta=1
     9                           	psect	text1,global,reloc=2,class=CODE,delta=1
    10                           	psect	text2,global,reloc=2,class=CODE,delta=1
    11                           	psect	text3,global,reloc=2,class=CODE,delta=1
    12                           	psect	text4,global,reloc=2,class=CODE,delta=1
    13                           	psect	text5,global,reloc=2,class=CODE,delta=1
    14                           	psect	text6,global,reloc=2,class=CODE,delta=1
    15                           	psect	text7,global,reloc=2,class=CODE,delta=1,group=1
    16                           	psect	text8,global,reloc=2,class=CODE,delta=1
    17                           	psect	text9,global,reloc=2,class=CODE,delta=1
    18                           	psect	intsave_regs,global,class=BIGRAM,space=1,delta=1,noexec
    19                           	psect	rparam,global,class=COMRAM,space=1,delta=1,noexec
    20  0000                     
    21                           ; Version 1.44
    22                           ; Generated 14/09/2017 GMT
    23                           ; 
    24                           ; Copyright © 2017, Microchip Technology Inc. and its subsidiaries ("Microchip")
    25                           ; All rights reserved.
    26                           ; 
    27                           ; This software is developed by Microchip Technology Inc. and its subsidiaries ("Microch
      +                          ip").
    28                           ; 
    29                           ; Redistribution and use in source and binary forms, with or without modification, are
    30                           ; permitted provided that the following conditions are met:
    31                           ; 
    32                           ;     1. Redistributions of source code must retain the above copyright notice, this lis
      +                          t of
    33                           ;        conditions and the following disclaimer.
    34                           ; 
    35                           ;     2. Redistributions in binary form must reproduce the above copyright notice, this 
      +                          list
    36                           ;        of conditions and the following disclaimer in the documentation and/or other
    37                           ;        materials provided with the distribution.
    38                           ; 
    39                           ;     3. Microchip's name may not be used to endorse or promote products derived from th
      +                          is
    40                           ;        software without specific prior written permission.
    41                           ; 
    42                           ; THIS SOFTWARE IS PROVIDED BY MICROCHIP "AS IS" AND ANY EXPRESS OR IMPLIED WARRANTIES,
    43                           ; INCLUDING, BUT NOT LIMITED TO, THE IMPLIED WARRANTIES OF MERCHANTABILITY AND FITNESS F
      +                          OR
    44                           ; PURPOSE ARE DISCLAIMED.  IN NO EVENT SHALL MICROCHIP BE LIABLE FOR ANY DIRECT, INDIREC
      +                          T,
    45                           ; INCIDENTAL, SPECIAL, EXEMPLARY, OR CONSEQUENTIAL DAMAGES (INCLUDING BUT NOT LIMITED TO
    46                           ; PROCUREMENT OF SUBSTITUTE GOODS OR SERVICES; LOSS OF USE, DATA OR PROFITS; OR BUSINESS
    47                           ; INTERRUPTION) HOWSOEVER CAUSED AND ON ANY THEORY OF LIABILITY, WHETHER IN CONTRACT, ST
      +                          RICT
    48                           ; LIABILITY, OR TORT (INCLUDING NEGLIGENCE OR OTHERWISE) ARISING IN ANY WAY OUT OF THE U
      +                          SE OF
    49                           ; THIS SOFTWARE, EVEN IF ADVISED OF THE POSSIBILITY OF SUCH DAMAGE.
    50                           ; 
    51                           ; 
    52                           ; Code-generator required, PIC18F4520 Definitions
    53                           ; 
    54                           ; SFR Addresses
    55  0000                     _TRISAbits	set	3986
    56  0000                     _TRISB	set	3987
    57  0000                     _LATB	set	3978
    58  0000                     _LATA	set	3977
    59  0000                     _PORTB	set	3969
    60  0000                     _LATAbits	set	3977
    61                           
    62                           	psect	smallconst
    63  000600                     __psmallconst:
    64                           	opt stack 0
    65  000600  00                 	db	0
    66  000601                     STR_2:
    67  000601  4C                 	db	76	;'L'
    68  000602  43                 	db	67	;'C'
    69  000603  44                 	db	68	;'D'
    70  000604  20                 	db	32
    71  000605  44                 	db	68	;'D'
    72  000606  69                 	db	105	;'i'
    73  000607  73                 	db	115	;'s'
    74  000608  70                 	db	112	;'p'
    75  000609  6C                 	db	108	;'l'
    76  00060A  61                 	db	97	;'a'
    77  00060B  79                 	db	121	;'y'
    78  00060C  20                 	db	32
    79  00060D  20                 	db	32
    80  00060E  20                 	db	32
    81  00060F  20                 	db	32
    82  000610  20                 	db	32
    83  000611  00                 	db	0
    84  000612                     STR_1:
    85  000612  54                 	db	84	;'T'
    86  000613  65                 	db	101	;'e'
    87  000614  73                 	db	115	;'s'
    88  000615  74                 	db	116	;'t'
    89  000616  31                 	db	49	;'1'
    90  000617  33                 	db	51	;'3'
    91  000618  33                 	db	51	;'3'
    92  000619  37                 	db	55	;'7'
    93  00061A  00                 	db	0
    94                           
    95                           ; #config settings
    96  00061B  00                 	db	0	; dummy byte at the end
    97  0000                     
    98                           	psect	cinit
    99  000872                     __pcinit:
   100                           	opt stack 0
   101  000872                     start_initialization:
   102                           	opt stack 0
   103  000872                     __initialization:
   104                           	opt stack 0
   105  000872                     end_of_initialization:
   106                           	opt stack 0
   107  000872                     __end_of__initialization:
   108                           	opt stack 0
   109  000872  0E00               	movlw	low (__Lsmallconst shr (0+16))
   110  000874  6EF8               	movwf	tblptru,c
   111  000876  0E06               	movlw	high __Lsmallconst
   112  000878  6EF7               	movwf	tblptrh,c
   113  00087A  0100               	movlb	0
   114  00087C  EF89  F003         	goto	_main	;jump to C main() function
   115                           tblptru	equ	0xFF8
   116                           tblptrh	equ	0xFF7
   117                           
   118                           	psect	cstackCOMRAM
   119  000001                     __pcstackCOMRAM:
   120                           	opt stack 0
   121  000001                     ??_SetDDRamAddr:
   122  000001                     ??_Delay10KTCYx:
   123  000001                     ??_DelayPORXLCD:
   124  000001                     WriteCmdXLCD@cmd:
   125                           	opt stack 0
   126  000001                     WriteDataXLCD@data:
   127                           	opt stack 0
   128                           
   129                           ; 1 bytes @ 0x0
   130  000001                     	ds	1
   131  000002                     Delay10KTCYx@unit:
   132                           	opt stack 0
   133  000002                     putrsXLCD@buffer:
   134                           	opt stack 0
   135                           
   136                           ; 2 bytes @ 0x1
   137  000002                     	ds	2
   138  000004                     SetDDRamAddr@DDaddr:
   139                           	opt stack 0
   140                           
   141                           ; 1 bytes @ 0x3
   142  000004                     	ds	1
   143  000005                     OpenXLCD@lcdtype:
   144                           	opt stack 0
   145                           
   146                           ; 1 bytes @ 0x4
   147  000005                     	ds	1
   148  000006                     ??_main:
   149                           
   150                           ; 1 bytes @ 0x5
   151  000006                     	ds	1
   152                           tblptru	equ	0xFF8
   153                           tblptrh	equ	0xFF7
   154                           
   155 ;;
   156 ;;Main: autosize = 0, tempsize = 1, incstack = 0, save=0
   157 ;;
   158 ;; *************** function _main *****************
   159 ;; Defined at:
   160 ;;		line 30 in file "main.c"
   161 ;; Parameters:    Size  Location     Type
   162 ;;		None
   163 ;; Auto vars:     Size  Location     Type
   164 ;;		None
   165 ;; Return value:  Size  Location     Type
   166 ;;                  2   42[None  ] int 
   167 ;; Registers used:
   168 ;;		wreg, status,2, status,0, tblptrl, tblptrh, tblptru, cstack
   169 ;; Tracked objects:
   170 ;;		On entry : 0/0
   171 ;;		On exit  : 0/0
   172 ;;		Unchanged: 0/0
   173 ;; Data sizes:     COMRAM   BANK0   BANK1   BANK2   BANK3   BANK4   BANK5
   174 ;;      Params:         0       0       0       0       0       0       0
   175 ;;      Locals:         0       0       0       0       0       0       0
   176 ;;      Temps:          1       0       0       0       0       0       0
   177 ;;      Totals:         1       0       0       0       0       0       0
   178 ;;Total ram usage:        1 bytes
   179 ;; Hardware stack levels required when called:    3
   180 ;; This function calls:
   181 ;;		_BusyXLCD
   182 ;;		_OpenXLCD
   183 ;;		_SetDDRamAddr
   184 ;;		_WriteCmdXLCD
   185 ;;		_putrsXLCD
   186 ;; This function is called by:
   187 ;;		Startup code after reset
   188 ;; This function uses a non-reentrant model
   189 ;;
   190                           
   191                           	psect	text0
   192  000712                     __ptext0:
   193                           	opt stack 0
   194  000712                     _main:
   195                           	opt stack 28
   196                           
   197                           ;main.c: 31: _delay((unsigned long)((100)*(4000000/4000.0)));
   198                           
   199                           ;incstack = 0
   200  000712  0E82               	movlw	130
   201  000714  6E06               	movwf	??_main& (0+255),c
   202  000716  0EDE               	movlw	222
   203  000718                     u197:
   204  000718  2EE8               	decfsz	wreg,f,c
   205  00071A  D7FE               	bra	u197
   206  00071C  2E06               	decfsz	??_main& (0+255),f,c
   207  00071E  D7FC               	bra	u197
   208                           
   209                           ;main.c: 32: LATA = 0xFF;
   210  000720  6889               	setf	3977,c	;volatile
   211                           
   212                           ;main.c: 33: LATB = 0xFF;
   213  000722  688A               	setf	3978,c	;volatile
   214                           
   215                           ;main.c: 35: OpenXLCD( 0b00101100 & 0b00110100 );
   216  000724  0E24               	movlw	36
   217  000726  EC0E  F003         	call	_OpenXLCD
   218  00072A  ECEF  F003         	call	_BusyXLCD	;wreg free
   219  00072E  0900               	iorlw	0
   220  000730  A4D8               	btfss	status,2,c
   221  000732  D7FB               	goto	l44
   222                           
   223                           ;main.c: 37: WriteCmdXLCD(0x06);
   224  000734  0E06               	movlw	6
   225  000736  ECD0  F003         	call	_WriteCmdXLCD
   226                           
   227                           ;main.c: 38: WriteCmdXLCD(0x0C);
   228  00073A  0E0C               	movlw	12
   229  00073C  ECD0  F003         	call	_WriteCmdXLCD
   230                           
   231                           ;main.c: 40: __nop();
   232  000740  F000               	nop	
   233  000742                     
   234                           ;main.c: 42: {
   235                           ;main.c: 43: putrsXLCD("Test1337");
   236  000742  0E12               	movlw	low STR_1
   237  000744  6E02               	movwf	putrsXLCD@buffer,c
   238  000746  0E06               	movlw	high STR_1
   239  000748  6E03               	movwf	putrsXLCD@buffer+1,c
   240  00074A  EC0C  F004         	call	_putrsXLCD	;wreg free
   241                           
   242                           ;main.c: 44: SetDDRamAddr(0x40);
   243  00074E  0E40               	movlw	64
   244  000750  EC60  F003         	call	_SetDDRamAddr
   245                           
   246                           ;main.c: 45: putrsXLCD("LCD Display     ");
   247  000754  0E01               	movlw	low STR_2
   248  000756  6E02               	movwf	putrsXLCD@buffer,c
   249  000758  0E06               	movlw	high STR_2
   250  00075A  6E03               	movwf	putrsXLCD@buffer+1,c
   251  00075C  EC0C  F004         	call	_putrsXLCD	;wreg free
   252  000760  D7F0               	goto	l46
   253  000762                     __end_of_main:
   254                           	opt stack 0
   255                           tblptru	equ	0xFF8
   256                           tblptrh	equ	0xFF7
   257                           wreg	equ	0xFE8
   258                           status	equ	0xFD8
   259                           
   260 ;; *************** function _putrsXLCD *****************
   261 ;; Defined at:
   262 ;;		line 18 in file "putrxlcd.c"
   263 ;; Parameters:    Size  Location     Type
   264 ;;  buffer          2    1[COMRAM] PTR const unsigned char 
   265 ;;		 -> STR_2(17), STR_1(9), 
   266 ;; Auto vars:     Size  Location     Type
   267 ;;		None
   268 ;; Return value:  Size  Location     Type
   269 ;;                  1    wreg      void 
   270 ;; Registers used:
   271 ;;		wreg, status,2, status,0, tblptrl, tblptrh, tblptru, cstack
   272 ;; Tracked objects:
   273 ;;		On entry : 0/0
   274 ;;		On exit  : 0/0
   275 ;;		Unchanged: 0/0
   276 ;; Data sizes:     COMRAM   BANK0   BANK1   BANK2   BANK3   BANK4   BANK5
   277 ;;      Params:         2       0       0       0       0       0       0
   278 ;;      Locals:         0       0       0       0       0       0       0
   279 ;;      Temps:          0       0       0       0       0       0       0
   280 ;;      Totals:         2       0       0       0       0       0       0
   281 ;;Total ram usage:        2 bytes
   282 ;; Hardware stack levels used:    1
   283 ;; Hardware stack levels required when called:    2
   284 ;; This function calls:
   285 ;;		_BusyXLCD
   286 ;;		_WriteDataXLCD
   287 ;; This function is called by:
   288 ;;		_main
   289 ;; This function uses a non-reentrant model
   290 ;;
   291                           
   292                           	psect	text1
   293  000818                     __ptext1:
   294                           	opt stack 0
   295  000818                     _putrsXLCD:
   296                           	opt stack 28
   297                           
   298                           ;putrxlcd.c: 20: while(*buffer)
   299                           
   300                           ;incstack = 0
   301  000818  D00F               	goto	l98
   302  00081A                     
   303                           ;putrxlcd.c: 21: {
   304                           ;putrxlcd.c: 22: while(BusyXLCD());
   305  00081A  ECEF  F003         	call	_BusyXLCD	;wreg free
   306  00081E  0900               	iorlw	0
   307  000820  A4D8               	btfss	status,2,c
   308  000822  D7FB               	goto	l99
   309                           
   310                           ;putrxlcd.c: 23: WriteDataXLCD(*buffer);
   311  000824  C002  FFF6         	movff	putrsXLCD@buffer,tblptrl
   312  000828  C003  FFF7         	movff	putrsXLCD@buffer+1,tblptrh
   313  00082C                     	if	0	;tblptru may be non-zero
   314  00082C                     	endif
   315  00082C                     	if	0	;tblptru may be non-zero
   316  00082C                     	endif
   317  00082C  0008               	tblrd		*
   318  00082E  50F5               	movf	tablat,w,c
   319  000830  ECB1  F003         	call	_WriteDataXLCD
   320                           
   321                           ;putrxlcd.c: 24: buffer++;
   322  000834  4A02               	infsnz	putrsXLCD@buffer,f,c
   323  000836  2A03               	incf	putrsXLCD@buffer+1,f,c
   324  000838                     l98:
   325  000838  C002  FFF6         	movff	putrsXLCD@buffer,tblptrl
   326  00083C  C003  FFF7         	movff	putrsXLCD@buffer+1,tblptrh
   327  000840                     	if	0	;tblptru may be non-zero
   328  000840                     	endif
   329  000840                     	if	0	;tblptru may be non-zero
   330  000840                     	endif
   331  000840  0008               	tblrd		*
   332  000842  50F5               	movf	tablat,w,c
   333  000844  0900               	iorlw	0
   334  000846  B4D8               	btfsc	status,2,c
   335  000848  0012               	return	
   336  00084A  D7E7               	goto	l99
   337  00084C                     __end_of_putrsXLCD:
   338                           	opt stack 0
   339                           tblptru	equ	0xFF8
   340                           tblptrh	equ	0xFF7
   341                           tblptrl	equ	0xFF6
   342                           tablat	equ	0xFF5
   343                           wreg	equ	0xFE8
   344                           status	equ	0xFD8
   345                           
   346 ;; *************** function _WriteDataXLCD *****************
   347 ;; Defined at:
   348 ;;		line 17 in file "writdata.c"
   349 ;; Parameters:    Size  Location     Type
   350 ;;  data            1    wreg     unsigned char 
   351 ;; Auto vars:     Size  Location     Type
   352 ;;  data            1    0[COMRAM] unsigned char 
   353 ;; Return value:  Size  Location     Type
   354 ;;                  1    wreg      void 
   355 ;; Registers used:
   356 ;;		wreg, status,2, status,0, cstack
   357 ;; Tracked objects:
   358 ;;		On entry : 0/0
   359 ;;		On exit  : 0/0
   360 ;;		Unchanged: 0/0
   361 ;; Data sizes:     COMRAM   BANK0   BANK1   BANK2   BANK3   BANK4   BANK5
   362 ;;      Params:         0       0       0       0       0       0       0
   363 ;;      Locals:         1       0       0       0       0       0       0
   364 ;;      Temps:          0       0       0       0       0       0       0
   365 ;;      Totals:         1       0       0       0       0       0       0
   366 ;;Total ram usage:        1 bytes
   367 ;; Hardware stack levels used:    1
   368 ;; Hardware stack levels required when called:    1
   369 ;; This function calls:
   370 ;;		_DelayFor18TCY
   371 ;; This function is called by:
   372 ;;		_putrsXLCD
   373 ;;		_putsXLCD
   374 ;; This function uses a non-reentrant model
   375 ;;
   376                           
   377                           	psect	text2
   378  000762                     __ptext2:
   379                           	opt stack 0
   380  000762                     _WriteDataXLCD:
   381                           	opt stack 28
   382                           
   383                           ;incstack = 0
   384                           ;WriteDataXLCD@data stored from wreg
   385  000762  6E01               	movwf	WriteDataXLCD@data,c
   386                           
   387                           ;writdata.c: 36: TRISB &= 0xf0;
   388  000764  0EF0               	movlw	240
   389  000766  1693               	andwf	3987,f,c	;volatile
   390                           
   391                           ;writdata.c: 37: PORTB &= 0xf0;
   392  000768  0EF0               	movlw	240
   393  00076A  1681               	andwf	3969,f,c	;volatile
   394                           
   395                           ;writdata.c: 38: PORTB |= ((data>>4)&0x0f);
   396  00076C  3801               	swapf	WriteDataXLCD@data,w,c
   397  00076E  0B0F               	andlw	15
   398  000770  0B0F               	andlw	15
   399  000772  1281               	iorwf	3969,f,c	;volatile
   400                           
   401                           ;writdata.c: 40: LATAbits.LATA3 = 1;
   402  000774  8689               	bsf	3977,3,c	;volatile
   403                           
   404                           ;writdata.c: 41: LATAbits.LATA2 = 0;
   405  000776  9489               	bcf	3977,2,c	;volatile
   406                           
   407                           ;writdata.c: 42: DelayFor18TCY();
   408  000778  EC40  F004         	call	_DelayFor18TCY	;wreg free
   409                           
   410                           ;writdata.c: 43: LATAbits.LATA1 = 1;
   411  00077C  8289               	bsf	3977,1,c	;volatile
   412                           
   413                           ;writdata.c: 44: DelayFor18TCY();
   414  00077E  EC40  F004         	call	_DelayFor18TCY	;wreg free
   415                           
   416                           ;writdata.c: 45: LATAbits.LATA1 = 0;
   417  000782  9289               	bcf	3977,1,c	;volatile
   418                           
   419                           ;writdata.c: 50: PORTB &= 0xf0;
   420  000784  0EF0               	movlw	240
   421  000786  1681               	andwf	3969,f,c	;volatile
   422                           
   423                           ;writdata.c: 51: PORTB |= (data&0x0f);
   424  000788  5001               	movf	WriteDataXLCD@data,w,c
   425  00078A  0B0F               	andlw	15
   426  00078C  1281               	iorwf	3969,f,c	;volatile
   427                           
   428                           ;writdata.c: 53: DelayFor18TCY();
   429  00078E  EC40  F004         	call	_DelayFor18TCY	;wreg free
   430                           
   431                           ;writdata.c: 54: LATAbits.LATA1 = 1;
   432  000792  8289               	bsf	3977,1,c	;volatile
   433                           
   434                           ;writdata.c: 55: DelayFor18TCY();
   435  000794  EC40  F004         	call	_DelayFor18TCY	;wreg free
   436                           
   437                           ;writdata.c: 56: LATAbits.LATA1 = 0;
   438  000798  9289               	bcf	3977,1,c	;volatile
   439                           
   440                           ;writdata.c: 60: TRISB |= 0x0f;
   441  00079A  0E0F               	movlw	15
   442  00079C  1293               	iorwf	3987,f,c	;volatile
   443  00079E  0012               	return	
   444  0007A0                     __end_of_WriteDataXLCD:
   445                           	opt stack 0
   446                           tblptru	equ	0xFF8
   447                           tblptrh	equ	0xFF7
   448                           tblptrl	equ	0xFF6
   449                           tablat	equ	0xFF5
   450                           wreg	equ	0xFE8
   451                           status	equ	0xFD8
   452                           
   453 ;; *************** function _OpenXLCD *****************
   454 ;; Defined at:
   455 ;;		line 20 in file "openxlcd.c"
   456 ;; Parameters:    Size  Location     Type
   457 ;;  lcdtype         1    wreg     unsigned char 
   458 ;; Auto vars:     Size  Location     Type
   459 ;;  lcdtype         1    4[COMRAM] unsigned char 
   460 ;; Return value:  Size  Location     Type
   461 ;;                  1    wreg      void 
   462 ;; Registers used:
   463 ;;		wreg, status,2, status,0, cstack
   464 ;; Tracked objects:
   465 ;;		On entry : 0/0
   466 ;;		On exit  : 0/0
   467 ;;		Unchanged: 0/0
   468 ;; Data sizes:     COMRAM   BANK0   BANK1   BANK2   BANK3   BANK4   BANK5
   469 ;;      Params:         0       0       0       0       0       0       0
   470 ;;      Locals:         1       0       0       0       0       0       0
   471 ;;      Temps:          0       0       0       0       0       0       0
   472 ;;      Totals:         1       0       0       0       0       0       0
   473 ;;Total ram usage:        1 bytes
   474 ;; Hardware stack levels used:    1
   475 ;; Hardware stack levels required when called:    2
   476 ;; This function calls:
   477 ;;		_BusyXLCD
   478 ;;		_Delay10KTCYx
   479 ;;		_DelayPORXLCD
   480 ;;		_SetDDRamAddr
   481 ;;		_WriteCmdXLCD
   482 ;; This function is called by:
   483 ;;		_main
   484 ;; This function uses a non-reentrant model
   485 ;;
   486                           
   487                           	psect	text3
   488  00061C                     __ptext3:
   489                           	opt stack 0
   490  00061C                     _OpenXLCD:
   491                           	opt stack 28
   492                           
   493                           ;incstack = 0
   494                           ;OpenXLCD@lcdtype stored from wreg
   495  00061C  6E05               	movwf	OpenXLCD@lcdtype,c
   496                           
   497                           ;openxlcd.c: 32: PORTB &= 0xf0;
   498  00061E  0EF0               	movlw	240
   499  000620  1681               	andwf	3969,f,c	;volatile
   500                           
   501                           ;openxlcd.c: 33: TRISB &= 0xF0;
   502  000622  0EF0               	movlw	240
   503  000624  1693               	andwf	3987,f,c	;volatile
   504                           
   505                           ;openxlcd.c: 36: TRISAbits.TRISA2 = 0;
   506  000626  9492               	bcf	3986,2,c	;volatile
   507                           
   508                           ;openxlcd.c: 37: TRISAbits.TRISA3 = 0;
   509  000628  9692               	bcf	3986,3,c	;volatile
   510                           
   511                           ;openxlcd.c: 38: TRISAbits.TRISA1 = 0;
   512  00062A  9292               	bcf	3986,1,c	;volatile
   513                           
   514                           ;openxlcd.c: 39: LATAbits.LATA2 = 0;
   515  00062C  9489               	bcf	3977,2,c	;volatile
   516                           
   517                           ;openxlcd.c: 40: LATAbits.LATA3 = 0;
   518  00062E  9689               	bcf	3977,3,c	;volatile
   519                           
   520                           ;openxlcd.c: 41: LATAbits.LATA1 = 0;
   521  000630  9289               	bcf	3977,1,c	;volatile
   522                           
   523                           ;openxlcd.c: 44: DelayPORXLCD();
   524  000632  EC31  F004         	call	_DelayPORXLCD	;wreg free
   525                           
   526                           ;openxlcd.c: 46: WriteCmdXLCD(0x30);
   527  000636  0E30               	movlw	48
   528  000638  ECD0  F003         	call	_WriteCmdXLCD
   529                           
   530                           ;openxlcd.c: 47: Delay10KTCYx(0x05);
   531  00063C  0E05               	movlw	5
   532  00063E  EC26  F004         	call	_Delay10KTCYx
   533                           
   534                           ;openxlcd.c: 49: WriteCmdXLCD(0x30);
   535  000642  0E30               	movlw	48
   536  000644  ECD0  F003         	call	_WriteCmdXLCD
   537                           
   538                           ;openxlcd.c: 50: Delay10KTCYx(0x01);
   539  000648  0E01               	movlw	1
   540  00064A  EC26  F004         	call	_Delay10KTCYx
   541                           
   542                           ;openxlcd.c: 53: WriteCmdXLCD(0x32);
   543  00064E  0E32               	movlw	50
   544  000650  ECD0  F003         	call	_WriteCmdXLCD
   545  000654  ECEF  F003         	call	_BusyXLCD	;wreg free
   546  000658  0900               	iorlw	0
   547  00065A  A4D8               	btfss	status,2,c
   548  00065C  D7FB               	goto	l71
   549  00065E                     u30:
   550                           
   551                           ;openxlcd.c: 59: while(BusyXLCD());
   552  00065E  ECEF  F003         	call	_BusyXLCD	;wreg free
   553  000662  0900               	iorlw	0
   554  000664  A4D8               	btfss	status,2,c
   555  000666  D7FB               	goto	u30
   556                           
   557                           ;openxlcd.c: 60: WriteCmdXLCD(lcdtype);
   558  000668  5005               	movf	OpenXLCD@lcdtype,w,c
   559  00066A  ECD0  F003         	call	_WriteCmdXLCD
   560  00066E  ECEF  F003         	call	_BusyXLCD	;wreg free
   561  000672  0900               	iorlw	0
   562  000674  A4D8               	btfss	status,2,c
   563  000676  D7FB               	goto	l77
   564                           
   565                           ;openxlcd.c: 64: WriteCmdXLCD(0b00001011&0b00001101&0b00001110);
   566  000678  0E08               	movlw	8
   567  00067A  ECD0  F003         	call	_WriteCmdXLCD
   568  00067E  ECEF  F003         	call	_BusyXLCD	;wreg free
   569  000682  0900               	iorlw	0
   570  000684  A4D8               	btfss	status,2,c
   571  000686  D7FB               	goto	l80
   572                           
   573                           ;openxlcd.c: 66: WriteCmdXLCD(0b00001111&0b00001111&0b00001111);
   574  000688  0E0F               	movlw	15
   575  00068A  ECD0  F003         	call	_WriteCmdXLCD
   576  00068E  ECEF  F003         	call	_BusyXLCD	;wreg free
   577  000692  0900               	iorlw	0
   578  000694  A4D8               	btfss	status,2,c
   579  000696  D7FB               	goto	l83
   580                           
   581                           ;openxlcd.c: 70: WriteCmdXLCD(0x01);
   582  000698  0E01               	movlw	1
   583  00069A  ECD0  F003         	call	_WriteCmdXLCD
   584  00069E  ECEF  F003         	call	_BusyXLCD	;wreg free
   585  0006A2  0900               	iorlw	0
   586  0006A4  A4D8               	btfss	status,2,c
   587  0006A6  D7FB               	goto	l86
   588                           
   589                           ;openxlcd.c: 74: WriteCmdXLCD(0b00000100);
   590  0006A8  0E04               	movlw	4
   591  0006AA  ECD0  F003         	call	_WriteCmdXLCD
   592  0006AE  ECEF  F003         	call	_BusyXLCD	;wreg free
   593  0006B2  0900               	iorlw	0
   594  0006B4  A4D8               	btfss	status,2,c
   595  0006B6  D7FB               	goto	l89
   596                           
   597                           ;openxlcd.c: 78: SetDDRamAddr(0x80);
   598  0006B8  0E80               	movlw	128
   599  0006BA  EC60  F003         	call	_SetDDRamAddr
   600  0006BE  0012               	return	
   601  0006C0                     __end_of_OpenXLCD:
   602                           	opt stack 0
   603                           tblptru	equ	0xFF8
   604                           tblptrh	equ	0xFF7
   605                           tblptrl	equ	0xFF6
   606                           tablat	equ	0xFF5
   607                           wreg	equ	0xFE8
   608                           status	equ	0xFD8
   609                           
   610 ;; *************** function _WriteCmdXLCD *****************
   611 ;; Defined at:
   612 ;;		line 14 in file "wcmdxlcd.c"
   613 ;; Parameters:    Size  Location     Type
   614 ;;  cmd             1    wreg     unsigned char 
   615 ;; Auto vars:     Size  Location     Type
   616 ;;  cmd             1    0[COMRAM] unsigned char 
   617 ;; Return value:  Size  Location     Type
   618 ;;                  1    wreg      void 
   619 ;; Registers used:
   620 ;;		wreg, status,2, status,0, cstack
   621 ;; Tracked objects:
   622 ;;		On entry : 0/0
   623 ;;		On exit  : 0/0
   624 ;;		Unchanged: 0/0
   625 ;; Data sizes:     COMRAM   BANK0   BANK1   BANK2   BANK3   BANK4   BANK5
   626 ;;      Params:         0       0       0       0       0       0       0
   627 ;;      Locals:         1       0       0       0       0       0       0
   628 ;;      Temps:          0       0       0       0       0       0       0
   629 ;;      Totals:         1       0       0       0       0       0       0
   630 ;;Total ram usage:        1 bytes
   631 ;; Hardware stack levels used:    1
   632 ;; Hardware stack levels required when called:    1
   633 ;; This function calls:
   634 ;;		_DelayFor18TCY
   635 ;; This function is called by:
   636 ;;		_main
   637 ;;		_OpenXLCD
   638 ;; This function uses a non-reentrant model
   639 ;;
   640                           
   641                           	psect	text4
   642  0007A0                     __ptext4:
   643                           	opt stack 0
   644  0007A0                     _WriteCmdXLCD:
   645                           	opt stack 29
   646                           
   647                           ;incstack = 0
   648                           ;WriteCmdXLCD@cmd stored from wreg
   649  0007A0  6E01               	movwf	WriteCmdXLCD@cmd,c
   650                           
   651                           ;wcmdxlcd.c: 33: TRISB &= 0xf0;
   652  0007A2  0EF0               	movlw	240
   653  0007A4  1693               	andwf	3987,f,c	;volatile
   654                           
   655                           ;wcmdxlcd.c: 34: PORTB &= 0xf0;
   656  0007A6  0EF0               	movlw	240
   657  0007A8  1681               	andwf	3969,f,c	;volatile
   658                           
   659                           ;wcmdxlcd.c: 35: PORTB |= (cmd>>4)&0x0f;
   660  0007AA  3801               	swapf	WriteCmdXLCD@cmd,w,c
   661  0007AC  0B0F               	andlw	15
   662  0007AE  0B0F               	andlw	15
   663  0007B0  1281               	iorwf	3969,f,c	;volatile
   664                           
   665                           ;wcmdxlcd.c: 37: LATAbits.LATA2 = 0;
   666  0007B2  9489               	bcf	3977,2,c	;volatile
   667                           
   668                           ;wcmdxlcd.c: 38: LATAbits.LATA3 = 0;
   669  0007B4  9689               	bcf	3977,3,c	;volatile
   670                           
   671                           ;wcmdxlcd.c: 39: DelayFor18TCY();
   672  0007B6  EC40  F004         	call	_DelayFor18TCY	;wreg free
   673                           
   674                           ;wcmdxlcd.c: 40: LATAbits.LATA1 = 1;
   675  0007BA  8289               	bsf	3977,1,c	;volatile
   676                           
   677                           ;wcmdxlcd.c: 41: DelayFor18TCY();
   678  0007BC  EC40  F004         	call	_DelayFor18TCY	;wreg free
   679                           
   680                           ;wcmdxlcd.c: 42: LATAbits.LATA1 = 0;
   681  0007C0  9289               	bcf	3977,1,c	;volatile
   682                           
   683                           ;wcmdxlcd.c: 47: PORTB &= 0xf0;
   684  0007C2  0EF0               	movlw	240
   685  0007C4  1681               	andwf	3969,f,c	;volatile
   686                           
   687                           ;wcmdxlcd.c: 48: PORTB |= cmd&0x0f;
   688  0007C6  5001               	movf	WriteCmdXLCD@cmd,w,c
   689  0007C8  0B0F               	andlw	15
   690  0007CA  1281               	iorwf	3969,f,c	;volatile
   691                           
   692                           ;wcmdxlcd.c: 50: DelayFor18TCY();
   693  0007CC  EC40  F004         	call	_DelayFor18TCY	;wreg free
   694                           
   695                           ;wcmdxlcd.c: 51: LATAbits.LATA1 = 1;
   696  0007D0  8289               	bsf	3977,1,c	;volatile
   697                           
   698                           ;wcmdxlcd.c: 52: DelayFor18TCY();
   699  0007D2  EC40  F004         	call	_DelayFor18TCY	;wreg free
   700                           
   701                           ;wcmdxlcd.c: 53: LATAbits.LATA1 = 0;
   702  0007D6  9289               	bcf	3977,1,c	;volatile
   703                           
   704                           ;wcmdxlcd.c: 57: TRISB |= 0x0f;
   705  0007D8  0E0F               	movlw	15
   706  0007DA  1293               	iorwf	3987,f,c	;volatile
   707  0007DC  0012               	return	
   708  0007DE                     __end_of_WriteCmdXLCD:
   709                           	opt stack 0
   710                           tblptru	equ	0xFF8
   711                           tblptrh	equ	0xFF7
   712                           tblptrl	equ	0xFF6
   713                           tablat	equ	0xFF5
   714                           wreg	equ	0xFE8
   715                           status	equ	0xFD8
   716                           
   717 ;; *************** function _SetDDRamAddr *****************
   718 ;; Defined at:
   719 ;;		line 14 in file "setddram.c"
   720 ;; Parameters:    Size  Location     Type
   721 ;;  DDaddr          1    wreg     unsigned char 
   722 ;; Auto vars:     Size  Location     Type
   723 ;;  DDaddr          1    3[COMRAM] unsigned char 
   724 ;; Return value:  Size  Location     Type
   725 ;;                  1    wreg      void 
   726 ;; Registers used:
   727 ;;		wreg, status,2, status,0, cstack
   728 ;; Tracked objects:
   729 ;;		On entry : 0/0
   730 ;;		On exit  : 0/0
   731 ;;		Unchanged: 0/0
   732 ;; Data sizes:     COMRAM   BANK0   BANK1   BANK2   BANK3   BANK4   BANK5
   733 ;;      Params:         0       0       0       0       0       0       0
   734 ;;      Locals:         1       0       0       0       0       0       0
   735 ;;      Temps:          3       0       0       0       0       0       0
   736 ;;      Totals:         4       0       0       0       0       0       0
   737 ;;Total ram usage:        4 bytes
   738 ;; Hardware stack levels used:    1
   739 ;; Hardware stack levels required when called:    1
   740 ;; This function calls:
   741 ;;		_DelayFor18TCY
   742 ;; This function is called by:
   743 ;;		_main
   744 ;;		_OpenXLCD
   745 ;; This function uses a non-reentrant model
   746 ;;
   747                           
   748                           	psect	text5
   749  0006C0                     __ptext5:
   750                           	opt stack 0
   751  0006C0                     _SetDDRamAddr:
   752                           	opt stack 29
   753                           
   754                           ;incstack = 0
   755                           ;SetDDRamAddr@DDaddr stored from wreg
   756  0006C0  6E04               	movwf	SetDDRamAddr@DDaddr,c
   757                           
   758                           ;setddram.c: 33: TRISB &= 0xf0;
   759  0006C2  0EF0               	movlw	240
   760  0006C4  1693               	andwf	3987,f,c	;volatile
   761                           
   762                           ;setddram.c: 34: PORTB &= 0xf0;
   763  0006C6  0EF0               	movlw	240
   764  0006C8  1681               	andwf	3969,f,c	;volatile
   765                           
   766                           ;setddram.c: 35: PORTB |= (((DDaddr | 0b10000000)>>4) & 0x0f);
   767  0006CA  5004               	movf	SetDDRamAddr@DDaddr,w,c
   768  0006CC  6E01               	movwf	??_SetDDRamAddr& (0+255),c
   769  0006CE  6A02               	clrf	(??_SetDDRamAddr+1)& (0+255),c
   770  0006D0  8E01               	bsf	??_SetDDRamAddr,7,c
   771  0006D2  0E04               	movlw	4
   772  0006D4  6E03               	movwf	(??_SetDDRamAddr+2)& (0+255),c
   773  0006D6                     u25:
   774  0006D6  3402               	rlcf	??_SetDDRamAddr+1,w,c
   775  0006D8  3202               	rrcf	??_SetDDRamAddr+1,f,c
   776  0006DA  3201               	rrcf	??_SetDDRamAddr,f,c
   777  0006DC  2E03               	decfsz	(??_SetDDRamAddr+2)& (0+255),f,c
   778  0006DE  D7FB               	goto	u25
   779  0006E0  5001               	movf	??_SetDDRamAddr,w,c
   780  0006E2  0B0F               	andlw	15
   781  0006E4  1281               	iorwf	3969,f,c	;volatile
   782                           
   783                           ;setddram.c: 37: LATAbits.LATA2 = 0;
   784  0006E6  9489               	bcf	3977,2,c	;volatile
   785                           
   786                           ;setddram.c: 38: LATAbits.LATA3 = 0;
   787  0006E8  9689               	bcf	3977,3,c	;volatile
   788                           
   789                           ;setddram.c: 39: DelayFor18TCY();
   790  0006EA  EC40  F004         	call	_DelayFor18TCY	;wreg free
   791                           
   792                           ;setddram.c: 40: LATAbits.LATA1 = 1;
   793  0006EE  8289               	bsf	3977,1,c	;volatile
   794                           
   795                           ;setddram.c: 41: DelayFor18TCY();
   796  0006F0  EC40  F004         	call	_DelayFor18TCY	;wreg free
   797                           
   798                           ;setddram.c: 42: LATAbits.LATA1 = 0;
   799  0006F4  9289               	bcf	3977,1,c	;volatile
   800                           
   801                           ;setddram.c: 47: PORTB &= 0xf0;
   802  0006F6  0EF0               	movlw	240
   803  0006F8  1681               	andwf	3969,f,c	;volatile
   804                           
   805                           ;setddram.c: 48: PORTB |= (DDaddr&0x0f);
   806  0006FA  5004               	movf	SetDDRamAddr@DDaddr,w,c
   807  0006FC  0B0F               	andlw	15
   808  0006FE  1281               	iorwf	3969,f,c	;volatile
   809                           
   810                           ;setddram.c: 50: DelayFor18TCY();
   811  000700  EC40  F004         	call	_DelayFor18TCY	;wreg free
   812                           
   813                           ;setddram.c: 51: LATAbits.LATA1 = 1;
   814  000704  8289               	bsf	3977,1,c	;volatile
   815                           
   816                           ;setddram.c: 52: DelayFor18TCY();
   817  000706  EC40  F004         	call	_DelayFor18TCY	;wreg free
   818                           
   819                           ;setddram.c: 53: LATAbits.LATA1 = 0;
   820  00070A  9289               	bcf	3977,1,c	;volatile
   821                           
   822                           ;setddram.c: 57: TRISB |= 0x0f;
   823  00070C  0E0F               	movlw	15
   824  00070E  1293               	iorwf	3987,f,c	;volatile
   825  000710  0012               	return	
   826  000712                     __end_of_SetDDRamAddr:
   827                           	opt stack 0
   828                           tblptru	equ	0xFF8
   829                           tblptrh	equ	0xFF7
   830                           tblptrl	equ	0xFF6
   831                           tablat	equ	0xFF5
   832                           wreg	equ	0xFE8
   833                           status	equ	0xFD8
   834                           
   835 ;; *************** function _DelayPORXLCD *****************
   836 ;; Defined at:
   837 ;;		line 17 in file "main.c"
   838 ;; Parameters:    Size  Location     Type
   839 ;;		None
   840 ;; Auto vars:     Size  Location     Type
   841 ;;		None
   842 ;; Return value:  Size  Location     Type
   843 ;;                  1    wreg      void 
   844 ;; Registers used:
   845 ;;		wreg
   846 ;; Tracked objects:
   847 ;;		On entry : 0/0
   848 ;;		On exit  : 0/0
   849 ;;		Unchanged: 0/0
   850 ;; Data sizes:     COMRAM   BANK0   BANK1   BANK2   BANK3   BANK4   BANK5
   851 ;;      Params:         0       0       0       0       0       0       0
   852 ;;      Locals:         0       0       0       0       0       0       0
   853 ;;      Temps:          1       0       0       0       0       0       0
   854 ;;      Totals:         1       0       0       0       0       0       0
   855 ;;Total ram usage:        1 bytes
   856 ;; Hardware stack levels used:    1
   857 ;; This function calls:
   858 ;;		Nothing
   859 ;; This function is called by:
   860 ;;		_OpenXLCD
   861 ;; This function uses a non-reentrant model
   862 ;;
   863                           
   864                           	psect	text6
   865  000862                     __ptext6:
   866                           	opt stack 0
   867  000862                     _DelayPORXLCD:
   868                           	opt stack 29
   869                           
   870                           ;main.c: 19: _delay((unsigned long)((15)*(4000000/4000.0)));
   871                           
   872                           ;incstack = 0
   873  000862  0E14               	movlw	20
   874  000864  6E01               	movwf	??_DelayPORXLCD& (0+255),c
   875  000866  0E7A               	movlw	122
   876  000868                     u207:
   877  000868  2EE8               	decfsz	wreg,f,c
   878  00086A  D7FE               	bra	u207
   879  00086C  2E01               	decfsz	??_DelayPORXLCD& (0+255),f,c
   880  00086E  D7FC               	bra	u207
   881  000870  0012               	return		;funcret
   882  000872                     __end_of_DelayPORXLCD:
   883                           	opt stack 0
   884                           tblptru	equ	0xFF8
   885                           tblptrh	equ	0xFF7
   886                           tblptrl	equ	0xFF6
   887                           tablat	equ	0xFF5
   888                           wreg	equ	0xFE8
   889                           status	equ	0xFD8
   890                           
   891 ;; *************** function _Delay10KTCYx *****************
   892 ;; Defined at:
   893 ;;		line 8 in file "/opt/microchip/xc8/v1.44/sources/pic18/d10ktcyx.c"
   894 ;; Parameters:    Size  Location     Type
   895 ;;  unit            1    wreg     unsigned char 
   896 ;; Auto vars:     Size  Location     Type
   897 ;;  unit            1    1[COMRAM] unsigned char 
   898 ;; Return value:  Size  Location     Type
   899 ;;                  1    wreg      void 
   900 ;; Registers used:
   901 ;;		wreg
   902 ;; Tracked objects:
   903 ;;		On entry : 0/0
   904 ;;		On exit  : 0/0
   905 ;;		Unchanged: 0/0
   906 ;; Data sizes:     COMRAM   BANK0   BANK1   BANK2   BANK3   BANK4   BANK5
   907 ;;      Params:         0       0       0       0       0       0       0
   908 ;;      Locals:         1       0       0       0       0       0       0
   909 ;;      Temps:          1       0       0       0       0       0       0
   910 ;;      Totals:         2       0       0       0       0       0       0
   911 ;;Total ram usage:        2 bytes
   912 ;; Hardware stack levels used:    1
   913 ;; This function calls:
   914 ;;		Nothing
   915 ;; This function is called by:
   916 ;;		_OpenXLCD
   917 ;; This function uses a non-reentrant model
   918 ;;
   919                           
   920                           	psect	text7
   921  00084C                     __ptext7:
   922                           	opt stack 0
   923  00084C                     _Delay10KTCYx:
   924                           	opt stack 29
   925                           
   926                           ;incstack = 0
   927                           ;Delay10KTCYx@unit stored from wreg
   928  00084C  6E02               	movwf	Delay10KTCYx@unit,c
   929  00084E                     l381:
   930  00084E  0E0D               	movlw	13
   931  000850  6E01               	movwf	??_Delay10KTCYx& (0+255),c
   932  000852  0EFC               	movlw	252
   933  000854                     u217:
   934  000854  2EE8               	decfsz	wreg,f,c
   935  000856  D7FE               	bra	u217
   936  000858  2E01               	decfsz	??_Delay10KTCYx& (0+255),f,c
   937  00085A  D7FC               	bra	u217
   938  00085C  2E02               	decfsz	Delay10KTCYx@unit,f,c
   939  00085E  D7F7               	goto	l381
   940  000860  0012               	return	
   941  000862                     __end_of_Delay10KTCYx:
   942                           	opt stack 0
   943                           tblptru	equ	0xFF8
   944                           tblptrh	equ	0xFF7
   945                           tblptrl	equ	0xFF6
   946                           tablat	equ	0xFF5
   947                           wreg	equ	0xFE8
   948                           status	equ	0xFD8
   949                           
   950 ;; *************** function _BusyXLCD *****************
   951 ;; Defined at:
   952 ;;		line 12 in file "busyxlcd.c"
   953 ;; Parameters:    Size  Location     Type
   954 ;;		None
   955 ;; Auto vars:     Size  Location     Type
   956 ;;		None
   957 ;; Return value:  Size  Location     Type
   958 ;;                  1    wreg      unsigned char 
   959 ;; Registers used:
   960 ;;		wreg, cstack
   961 ;; Tracked objects:
   962 ;;		On entry : 0/0
   963 ;;		On exit  : 0/0
   964 ;;		Unchanged: 0/0
   965 ;; Data sizes:     COMRAM   BANK0   BANK1   BANK2   BANK3   BANK4   BANK5
   966 ;;      Params:         0       0       0       0       0       0       0
   967 ;;      Locals:         0       0       0       0       0       0       0
   968 ;;      Temps:          0       0       0       0       0       0       0
   969 ;;      Totals:         0       0       0       0       0       0       0
   970 ;;Total ram usage:        0 bytes
   971 ;; Hardware stack levels used:    1
   972 ;; Hardware stack levels required when called:    1
   973 ;; This function calls:
   974 ;;		_DelayFor18TCY
   975 ;; This function is called by:
   976 ;;		_main
   977 ;;		_OpenXLCD
   978 ;;		_putrsXLCD
   979 ;;		_putsXLCD
   980 ;; This function uses a non-reentrant model
   981 ;;
   982                           
   983                           	psect	text8
   984  0007DE                     __ptext8:
   985                           	opt stack 0
   986  0007DE                     _BusyXLCD:
   987                           	opt stack 28
   988                           
   989                           ;busyxlcd.c: 14: LATAbits.LATA2 = 1;
   990                           
   991                           ;incstack = 0
   992  0007DE  8489               	bsf	3977,2,c	;volatile
   993                           
   994                           ;busyxlcd.c: 15: LATAbits.LATA3 = 0;
   995  0007E0  9689               	bcf	3977,3,c	;volatile
   996                           
   997                           ;busyxlcd.c: 16: DelayFor18TCY();
   998  0007E2  EC40  F004         	call	_DelayFor18TCY	;wreg free
   999                           
  1000                           ;busyxlcd.c: 17: LATAbits.LATA1 = 1;
  1001  0007E6  8289               	bsf	3977,1,c	;volatile
  1002                           
  1003                           ;busyxlcd.c: 18: DelayFor18TCY();
  1004  0007E8  EC40  F004         	call	_DelayFor18TCY	;wreg free
  1005                           
  1006                           ;busyxlcd.c: 36: if(PORTB&0x08)
  1007  0007EC  A681               	btfss	3969,3,c	;volatile
  1008  0007EE  D00A               	goto	l9
  1009                           
  1010                           ;busyxlcd.c: 38: {
  1011                           ;busyxlcd.c: 39: LATAbits.LATA1 = 0;
  1012  0007F0  9289               	bcf	3977,1,c	;volatile
  1013                           
  1014                           ;busyxlcd.c: 40: DelayFor18TCY();
  1015  0007F2  EC40  F004         	call	_DelayFor18TCY	;wreg free
  1016                           
  1017                           ;busyxlcd.c: 41: LATAbits.LATA1 = 1;
  1018  0007F6  8289               	bsf	3977,1,c	;volatile
  1019                           
  1020                           ;busyxlcd.c: 42: DelayFor18TCY();
  1021  0007F8  EC40  F004         	call	_DelayFor18TCY	;wreg free
  1022                           
  1023                           ;busyxlcd.c: 43: LATAbits.LATA1 = 0;
  1024  0007FC  9289               	bcf	3977,1,c	;volatile
  1025                           
  1026                           ;busyxlcd.c: 44: LATAbits.LATA2 = 0;
  1027  0007FE  9489               	bcf	3977,2,c	;volatile
  1028                           
  1029                           ;busyxlcd.c: 45: return 1;
  1030  000800  0E01               	movlw	1
  1031                           
  1032                           ;busyxlcd.c: 46: }
  1033  000802  0012               	return	
  1034  000804                     l9:
  1035                           
  1036                           ;busyxlcd.c: 47: else
  1037                           ;busyxlcd.c: 48: {
  1038                           ;busyxlcd.c: 49: LATAbits.LATA1 = 0;
  1039  000804  9289               	bcf	3977,1,c	;volatile
  1040                           
  1041                           ;busyxlcd.c: 50: DelayFor18TCY();
  1042  000806  EC40  F004         	call	_DelayFor18TCY	;wreg free
  1043                           
  1044                           ;busyxlcd.c: 51: LATAbits.LATA1 = 1;
  1045  00080A  8289               	bsf	3977,1,c	;volatile
  1046                           
  1047                           ;busyxlcd.c: 52: DelayFor18TCY();
  1048  00080C  EC40  F004         	call	_DelayFor18TCY	;wreg free
  1049                           
  1050                           ;busyxlcd.c: 53: LATAbits.LATA1 = 0;
  1051  000810  9289               	bcf	3977,1,c	;volatile
  1052                           
  1053                           ;busyxlcd.c: 54: LATAbits.LATA2 = 0;
  1054  000812  9489               	bcf	3977,2,c	;volatile
  1055                           
  1056                           ;busyxlcd.c: 55: return 0;
  1057  000814  0E00               	movlw	0
  1058  000816  0012               	return	
  1059  000818                     __end_of_BusyXLCD:
  1060                           	opt stack 0
  1061                           tblptru	equ	0xFF8
  1062                           tblptrh	equ	0xFF7
  1063                           tblptrl	equ	0xFF6
  1064                           tablat	equ	0xFF5
  1065                           wreg	equ	0xFE8
  1066                           status	equ	0xFD8
  1067                           
  1068 ;; *************** function _DelayFor18TCY *****************
  1069 ;; Defined at:
  1070 ;;		line 12 in file "main.c"
  1071 ;; Parameters:    Size  Location     Type
  1072 ;;		None
  1073 ;; Auto vars:     Size  Location     Type
  1074 ;;		None
  1075 ;; Return value:  Size  Location     Type
  1076 ;;                  1    wreg      void 
  1077 ;; Registers used:
  1078 ;;		wreg
  1079 ;; Tracked objects:
  1080 ;;		On entry : 0/0
  1081 ;;		On exit  : 0/0
  1082 ;;		Unchanged: 0/0
  1083 ;; Data sizes:     COMRAM   BANK0   BANK1   BANK2   BANK3   BANK4   BANK5
  1084 ;;      Params:         0       0       0       0       0       0       0
  1085 ;;      Locals:         0       0       0       0       0       0       0
  1086 ;;      Temps:          0       0       0       0       0       0       0
  1087 ;;      Totals:         0       0       0       0       0       0       0
  1088 ;;Total ram usage:        0 bytes
  1089 ;; Hardware stack levels used:    1
  1090 ;; This function calls:
  1091 ;;		Nothing
  1092 ;; This function is called by:
  1093 ;;		_BusyXLCD
  1094 ;;		_SetDDRamAddr
  1095 ;;		_WriteCmdXLCD
  1096 ;;		_WriteDataXLCD
  1097 ;;		_ReadAddrXLCD
  1098 ;;		_ReadDataXLCD
  1099 ;;		_SetCGRamAddr
  1100 ;; This function uses a non-reentrant model
  1101 ;;
  1102                           
  1103                           	psect	text9
  1104  000880                     __ptext9:
  1105                           	opt stack 0
  1106  000880                     _DelayFor18TCY:
  1107                           	opt stack 28
  1108                           
  1109                           ;incstack = 0
  1110  000880  0E06               	movlw	6
  1111  000882                     u227:
  1112  000882  2EE8               	decfsz	wreg,f,c
  1113  000884  D7FE               	bra	u227
  1114  000886  D000               	nop2	
  1115  000888  0012               	return	
  1116  00088A                     __end_of_DelayFor18TCY:
  1117                           	opt stack 0
  1118                           tblptru	equ	0xFF8
  1119                           tblptrh	equ	0xFF7
  1120                           tblptrl	equ	0xFF6
  1121                           tablat	equ	0xFF5
  1122                           wreg	equ	0xFE8
  1123                           status	equ	0xFD8
  1124                           tblptru	equ	0xFF8
  1125                           tblptrh	equ	0xFF7
  1126                           tblptrl	equ	0xFF6
  1127                           tablat	equ	0xFF5
  1128                           wreg	equ	0xFE8
  1129                           status	equ	0xFD8
  1130                           
  1131                           	psect	rparam
  1132  0000                     tblptru	equ	0xFF8
  1133                           tblptrh	equ	0xFF7
  1134                           tblptrl	equ	0xFF6
  1135                           tablat	equ	0xFF5
  1136                           wreg	equ	0xFE8
  1137                           status	equ	0xFD8


Data Sizes:
    Strings     26
    Constant    0
    Data        0
    BSS         0
    Persistent  0
    Stack       0

Auto Spaces:
    Space          Size  Autos    Used
    COMRAM          127      6       6
    BANK0           128      0       0
    BANK1           256      0       0
    BANK2           256      0       0
    BANK3           256      0       0
    BANK4           256      0       0
    BANK5           256      0       0

Pointer List with Targets:

    putrsXLCD@buffer	PTR const unsigned char  size(2) Largest target is 17
		 -> STR_2(CODE[17]), STR_1(CODE[9]), 


Critical Paths under _main in COMRAM

    _main->_OpenXLCD
    _putrsXLCD->_WriteDataXLCD
    _OpenXLCD->_SetDDRamAddr

Critical Paths under _main in BANK0

    None.

Critical Paths under _main in BANK1

    None.

Critical Paths under _main in BANK2

    None.

Critical Paths under _main in BANK3

    None.

Critical Paths under _main in BANK4

    None.

Critical Paths under _main in BANK5

    None.

Call Graph Tables:

 ---------------------------------------------------------------------------------
 (Depth) Function   	        Calls       Base Space   Used Autos Params    Refs
 ---------------------------------------------------------------------------------
 (0) _main                                                 1     1      0     377
                                              5 COMRAM     1     1      0
                           _BusyXLCD
                           _OpenXLCD
                       _SetDDRamAddr
                       _WriteCmdXLCD
                          _putrsXLCD
 ---------------------------------------------------------------------------------
 (1) _putrsXLCD                                            2     0      2     227
                                              1 COMRAM     2     0      2
                           _BusyXLCD
                      _WriteDataXLCD
 ---------------------------------------------------------------------------------
 (2) _WriteDataXLCD                                        1     1      0      30
                                              0 COMRAM     1     1      0
                      _DelayFor18TCY
 ---------------------------------------------------------------------------------
 (1) _OpenXLCD                                             1     1      0      90
                                              4 COMRAM     1     1      0
                           _BusyXLCD
                       _Delay10KTCYx
                       _DelayPORXLCD
                       _SetDDRamAddr
                       _WriteCmdXLCD
 ---------------------------------------------------------------------------------
 (1) _WriteCmdXLCD                                         1     1      0      30
                                              0 COMRAM     1     1      0
                      _DelayFor18TCY
 ---------------------------------------------------------------------------------
 (1) _SetDDRamAddr                                         4     4      0      30
                                              0 COMRAM     4     4      0
                      _DelayFor18TCY
 ---------------------------------------------------------------------------------
 (2) _DelayPORXLCD                                         1     1      0       0
                                              0 COMRAM     1     1      0
 ---------------------------------------------------------------------------------
 (2) _Delay10KTCYx                                         2     2      0      15
                                              0 COMRAM     2     2      0
 ---------------------------------------------------------------------------------
 (2) _BusyXLCD                                             0     0      0       0
                      _DelayFor18TCY
 ---------------------------------------------------------------------------------
 (3) _DelayFor18TCY                                        0     0      0       0
 ---------------------------------------------------------------------------------
 Estimated maximum stack depth 3
 ---------------------------------------------------------------------------------

 Call Graph Graphs:

 _main (ROOT)
   _BusyXLCD
     _DelayFor18TCY
   _OpenXLCD
     _BusyXLCD
       _DelayFor18TCY
     _Delay10KTCYx
     _DelayPORXLCD
     _SetDDRamAddr
       _DelayFor18TCY
     _WriteCmdXLCD
       _DelayFor18TCY
   _SetDDRamAddr
     _DelayFor18TCY
   _WriteCmdXLCD
     _DelayFor18TCY
   _putrsXLCD
     _BusyXLCD
       _DelayFor18TCY
     _WriteDataXLCD
       _DelayFor18TCY

 Address spaces:
Name               Size   Autos  Total    Cost      Usage
BITCOMRAM           7F      0       0       0        0.0%
EEDATA             100      0       0       0        0.0%
NULL                 0      0       0       0        0.0%
CODE                 0      0       0       0        0.0%
COMRAM              7F      6       6       1        4.7%
STACK                0      0       0       2        0.0%
DATA                 0      0       0       3        0.0%
BITBANK0            80      0       0       4        0.0%
BANK0               80      0       0       5        0.0%
BITBANK1           100      0       0       6        0.0%
BANK1              100      0       0       7        0.0%
BITBANK2           100      0       0       8        0.0%
BANK2              100      0       0       9        0.0%
BITBANK3           100      0       0      10        0.0%
BANK3              100      0       0      11        0.0%
BITBANK4           100      0       0      12        0.0%
BANK4              100      0       0      13        0.0%
BANK5              100      0       0      14        0.0%
ABS                  0      0       0      15        0.0%
BITBANK5           100      0       0      16        0.0%
BIGRAM             5FF      0       0      17        0.0%
BITSFR               0      0       0     200        0.0%
SFR                  0      0       0     200        0.0%


Microchip Technology PIC18 Macro Assembler V1.44 build -154322312 
Symbol Table                                                                                   Mon Oct 23 08:09:42 2017

                      l9 0804                       l44 072A                       l46 0742  
                     l71 0654                       l80 067E                       l83 068E  
                     l77 066E                       l86 069E                       l89 06AE  
                     l98 0838                       l99 081A                       u30 065E  
                     u25 06D6              __CFG_BORV$3 000000             __CFG_CP0$OFF 000000  
           __CFG_CP1$OFF 000000             __CFG_CP2$OFF 000000             __CFG_CP3$OFF 000000  
            __CFG_OSC$XT 000000                      l381 084E             __CFG_CPB$OFF 000000  
                    u207 0868                      u217 0854                      u227 0882  
           __CFG_CPD$OFF 000000                      u197 0718    __size_of_WriteCmdXLCD 003E  
                    wreg 000FE8             __CFG_LVP$OFF 000000             __CFG_WDT$OFF 000000  
                   STR_1 0612                     STR_2 0601                     _LATA 000F89  
                   _LATB 000F8A                     _main 0712   __size_of_WriteDataXLCD 003E  
                   start 0000            __CFG_IESO$OFF 000000            __CFG_MCLRE$ON 000000  
           ___param_bank 000000             _WriteCmdXLCD 07A0            ?_SetDDRamAddr 0001  
                  ?_main 0001                    _PORTB 000F81                    _TRISB 000F93  
  __size_of_Delay10KTCYx 0016            __CFG_PWRT$OFF 000000            __CFG_WRT0$OFF 000000  
          __CFG_WRT1$OFF 000000            __CFG_WRT2$OFF 000000            __CFG_WRT3$OFF 000000  
         __CFG_EBTR0$OFF 000000           __CFG_FCMEN$OFF 000000           __CFG_EBTR1$OFF 000000  
         __CFG_EBTR2$OFF 000000           __CFG_EBTR3$OFF 000000            __CFG_WRTB$OFF 000000  
          __CFG_WRTC$OFF 000000            __CFG_WRTD$OFF 000000           __CFG_EBTRB$OFF 000000  
         __CFG_BOREN$OFF 000000                    tablat 000FF5                    status 000FD8  
        __initialization 0872             __end_of_main 0762         __end_of_BusyXLCD 0818  
           _Delay10KTCYx 084C    __size_of_DelayPORXLCD 0010           ??_SetDDRamAddr 0001  
       __end_of_OpenXLCD 06C0                   ??_main 0006            __activetblptr 000001  
          _WriteDataXLCD 0762             _DelayPORXLCD 0862           __CFG_XINST$OFF 000000  
         __CFG_STVREN$ON 000000           ?_WriteDataXLCD 0001             __mediumconst 0000  
                 tblptrh 000FF7                   tblptrl 000FF6                   tblptru 000FF8  
             __accesstop 0080  __end_of__initialization 0872          __CFG_PBADEN$OFF 000000  
          ___rparam_used 000001           __pcstackCOMRAM 0001   __size_of_DelayFor18TCY 000A  
              ?_BusyXLCD 0001          WriteCmdXLCD@cmd 0001     __end_of_SetDDRamAddr 0712  
              ?_OpenXLCD 0001        WriteDataXLCD@data 0001          ??_WriteDataXLCD 0001  
     __size_of_putrsXLCD 0034               ??_BusyXLCD 0001               ??_OpenXLCD 0005  
                __Hparam 0000                  __Lparam 0000            _DelayFor18TCY 0880  
           __psmallconst 0600                  __pcinit 0872          putrsXLCD@buffer 0002  
                __ramtop 0600                  __ptext0 0712                  __ptext1 0818  
                __ptext2 0762                  __ptext3 061C                  __ptext4 07A0  
                __ptext5 06C0                  __ptext6 0862                  __ptext7 084C  
                __ptext8 07DE                  __ptext9 0880     end_of_initialization 0872  
         ?_DelayFor18TCY 0001        __end_of_putrsXLCD 084C                _TRISAbits 000F92  
  __size_of_SetDDRamAddr 0052             _SetDDRamAddr 06C0       SetDDRamAddr@DDaddr 0004  
    start_initialization 0872        __size_of_BusyXLCD 003A          ??_DelayFor18TCY 0001  
      __size_of_OpenXLCD 00A4            ?_WriteCmdXLCD 0001         __CFG_LPT1OSC$OFF 000000  
      __CFG_CCP2MX$PORTC 000000           ??_WriteCmdXLCD 0001            ?_Delay10KTCYx 0001  
  __end_of_WriteDataXLCD 07A0              __smallconst 0600                 _LATAbits 000F89  
          ?_DelayPORXLCD 0001          OpenXLCD@lcdtype 0005         __CFG_WDTPS$32768 000000  
         ??_Delay10KTCYx 0001                _putrsXLCD 0818         Delay10KTCYx@unit 0002  
               _BusyXLCD 07DE           ??_DelayPORXLCD 0001                 _OpenXLCD 061C  
               __Hrparam 0000                 __Lrparam 0000             __Lsmallconst 0600  
             ?_putrsXLCD 0002     __end_of_WriteCmdXLCD 07DE            __size_of_main 0050  
   __end_of_Delay10KTCYx 0862    __end_of_DelayFor18TCY 088A     __end_of_DelayPORXLCD 0872  
            ??_putrsXLCD 0004  
